Command line invocation:
    /Applications/Developer/Xcode.app/Contents/Developer/usr/bin/xcodebuild -project test-docking-system.xcodeproj -scheme test-docking-system -destination generic/platform=iOS build

ComputePackagePrebuildTargetDependencyGraph

Prepare packages

CreateBuildRequest

SendProjectDescription

CreateBuildOperation

ComputeTargetDependencyGraph
note: Building targets in dependency order
note: Target dependency graph (1 target)
    Target 'test-docking-system' in project 'test-docking-system' (no dependencies)

GatherProvisioningInputs

CreateBuildDescription

ExecuteExternalTool /Applications/Developer/Xcode.app/Contents/Developer/Toolchains/XcodeDefault.xctoolchain/usr/bin/clang -v -E -dM -isysroot /Applications/Developer/Xcode.app/Contents/Developer/Platforms/iPhoneOS.platform/Developer/SDKs/iPhoneOS18.5.sdk -x c -c /dev/null

ExecuteExternalTool /Applications/Developer/Xcode.app/Contents/Developer/usr/bin/actool --print-asset-tag-combinations --output-format xml1 /Users/F3725413/Downloads/test-docking-system/test-docking-system/Assets.xcassets

ExecuteExternalTool /Applications/Developer/Xcode.app/Contents/Developer/usr/bin/actool --version --output-format xml1

ExecuteExternalTool /Applications/Developer/Xcode.app/Contents/Developer/Toolchains/XcodeDefault.xctoolchain/usr/bin/swiftc --version

ExecuteExternalTool /Applications/Developer/Xcode.app/Contents/Developer/Toolchains/XcodeDefault.xctoolchain/usr/bin/ld -version_details

Build description signature: 93818fc483e0023b169c5941ffb01253
Build description path: /Users/F3725413/Library/Developer/Xcode/DerivedData/test-docking-system-ekuwxgcfrzlavxeloqavamknrifw/Build/Intermediates.noindex/XCBuildData/93818fc483e0023b169c5941ffb01253.xcbuilddata
ClangStatCache /Applications/Developer/Xcode.app/Contents/Developer/Toolchains/XcodeDefault.xctoolchain/usr/bin/clang-stat-cache /Applications/Developer/Xcode.app/Contents/Developer/Platforms/iPhoneOS.platform/Developer/SDKs/iPhoneOS18.5.sdk /Users/F3725413/Library/Developer/Xcode/DerivedData/SDKStatCaches.noindex/iphoneos18.5-22F76-d0b6dee6876569719e5547af56bff6e2.sdkstatcache
    cd /Users/F3725413/Downloads/test-docking-system/test-docking-system.xcodeproj
    /Applications/Developer/Xcode.app/Contents/Developer/Toolchains/XcodeDefault.xctoolchain/usr/bin/clang-stat-cache /Applications/Developer/Xcode.app/Contents/Developer/Platforms/iPhoneOS.platform/Developer/SDKs/iPhoneOS18.5.sdk -o /Users/F3725413/Library/Developer/Xcode/DerivedData/SDKStatCaches.noindex/iphoneos18.5-22F76-d0b6dee6876569719e5547af56bff6e2.sdkstatcache

WriteAuxiliaryFile /Users/F3725413/Library/Developer/Xcode/DerivedData/test-docking-system-ekuwxgcfrzlavxeloqavamknrifw/Build/Intermediates.noindex/test-docking-system.build/Debug-iphoneos/test-docking-system.build/Objects-normal/arm64/test-docking-system.LinkFileList (in target 'test-docking-system' from project 'test-docking-system')
    cd /Users/F3725413/Downloads/test-docking-system
    write-file /Users/F3725413/Library/Developer/Xcode/DerivedData/test-docking-system-ekuwxgcfrzlavxeloqavamknrifw/Build/Intermediates.noindex/test-docking-system.build/Debug-iphoneos/test-docking-system.build/Objects-normal/arm64/test-docking-system.LinkFileList

ProcessProductPackaging "" /Users/F3725413/Library/Developer/Xcode/DerivedData/test-docking-system-ekuwxgcfrzlavxeloqavamknrifw/Build/Intermediates.noindex/test-docking-system.build/Debug-iphoneos/test-docking-system.build/test-docking-system.app.xcent (in target 'test-docking-system' from project 'test-docking-system')
    cd /Users/F3725413/Downloads/test-docking-system
    
    Entitlements:
    
    {
    "application-identifier" = "R8S6PK575X.za.co.RendX.test-docking-system";
    "com.apple.developer.team-identifier" = R8S6PK575X;
    "get-task-allow" = 1;
}
    
    builtin-productPackagingUtility -entitlements -format xml -o /Users/F3725413/Library/Developer/Xcode/DerivedData/test-docking-system-ekuwxgcfrzlavxeloqavamknrifw/Build/Intermediates.noindex/test-docking-system.build/Debug-iphoneos/test-docking-system.build/test-docking-system.app.xcent

WriteAuxiliaryFile /Users/F3725413/Library/Developer/Xcode/DerivedData/test-docking-system-ekuwxgcfrzlavxeloqavamknrifw/Build/Intermediates.noindex/test-docking-system.build/Debug-iphoneos/test-docking-system.build/Objects-normal/arm64/test-docking-system.SwiftConstValuesFileList (in target 'test-docking-system' from project 'test-docking-system')
    cd /Users/F3725413/Downloads/test-docking-system
    write-file /Users/F3725413/Library/Developer/Xcode/DerivedData/test-docking-system-ekuwxgcfrzlavxeloqavamknrifw/Build/Intermediates.noindex/test-docking-system.build/Debug-iphoneos/test-docking-system.build/Objects-normal/arm64/test-docking-system.SwiftConstValuesFileList

WriteAuxiliaryFile /Users/F3725413/Library/Developer/Xcode/DerivedData/test-docking-system-ekuwxgcfrzlavxeloqavamknrifw/Build/Intermediates.noindex/test-docking-system.build/Debug-iphoneos/test-docking-system.build/Objects-normal/arm64/test-docking-system.SwiftFileList (in target 'test-docking-system' from project 'test-docking-system')
    cd /Users/F3725413/Downloads/test-docking-system
    write-file /Users/F3725413/Library/Developer/Xcode/DerivedData/test-docking-system-ekuwxgcfrzlavxeloqavamknrifw/Build/Intermediates.noindex/test-docking-system.build/Debug-iphoneos/test-docking-system.build/Objects-normal/arm64/test-docking-system.SwiftFileList

ProcessProductPackagingDER /Users/F3725413/Library/Developer/Xcode/DerivedData/test-docking-system-ekuwxgcfrzlavxeloqavamknrifw/Build/Intermediates.noindex/test-docking-system.build/Debug-iphoneos/test-docking-system.build/test-docking-system.app.xcent /Users/F3725413/Library/Developer/Xcode/DerivedData/test-docking-system-ekuwxgcfrzlavxeloqavamknrifw/Build/Intermediates.noindex/test-docking-system.build/Debug-iphoneos/test-docking-system.build/test-docking-system.app.xcent.der (in target 'test-docking-system' from project 'test-docking-system')
    cd /Users/F3725413/Downloads/test-docking-system
    /usr/bin/derq query -f xml -i /Users/F3725413/Library/Developer/Xcode/DerivedData/test-docking-system-ekuwxgcfrzlavxeloqavamknrifw/Build/Intermediates.noindex/test-docking-system.build/Debug-iphoneos/test-docking-system.build/test-docking-system.app.xcent -o /Users/F3725413/Library/Developer/Xcode/DerivedData/test-docking-system-ekuwxgcfrzlavxeloqavamknrifw/Build/Intermediates.noindex/test-docking-system.build/Debug-iphoneos/test-docking-system.build/test-docking-system.app.xcent.der --raw

ProcessInfoPlistFile /Users/F3725413/Library/Developer/Xcode/DerivedData/test-docking-system-ekuwxgcfrzlavxeloqavamknrifw/Build/Products/Debug-iphoneos/test-docking-system.app/Info.plist /Users/F3725413/Library/Developer/Xcode/DerivedData/test-docking-system-ekuwxgcfrzlavxeloqavamknrifw/Build/Intermediates.noindex/test-docking-system.build/Debug-iphoneos/test-docking-system.build/empty-test-docking-system.plist (in target 'test-docking-system' from project 'test-docking-system')
    cd /Users/F3725413/Downloads/test-docking-system
    builtin-infoPlistUtility /Users/F3725413/Library/Developer/Xcode/DerivedData/test-docking-system-ekuwxgcfrzlavxeloqavamknrifw/Build/Intermediates.noindex/test-docking-system.build/Debug-iphoneos/test-docking-system.build/empty-test-docking-system.plist -producttype com.apple.product-type.application -genpkginfo /Users/F3725413/Library/Developer/Xcode/DerivedData/test-docking-system-ekuwxgcfrzlavxeloqavamknrifw/Build/Products/Debug-iphoneos/test-docking-system.app/PkgInfo -expandbuildsettings -format binary -platform iphoneos -additionalcontentfile /Users/F3725413/Library/Developer/Xcode/DerivedData/test-docking-system-ekuwxgcfrzlavxeloqavamknrifw/Build/Intermediates.noindex/test-docking-system.build/Debug-iphoneos/test-docking-system.build/assetcatalog_generated_info.plist -requiredArchitecture arm64 -o /Users/F3725413/Library/Developer/Xcode/DerivedData/test-docking-system-ekuwxgcfrzlavxeloqavamknrifw/Build/Products/Debug-iphoneos/test-docking-system.app/Info.plist

SwiftDriver test-docking-system normal arm64 com.apple.xcode.tools.swift.compiler (in target 'test-docking-system' from project 'test-docking-system')
    cd /Users/F3725413/Downloads/test-docking-system
    builtin-SwiftDriver -- /Applications/Developer/Xcode.app/Contents/Developer/Toolchains/XcodeDefault.xctoolchain/usr/bin/swiftc -module-name test_docking_system -Onone -enforce-exclusivity\=checked @/Users/F3725413/Library/Developer/Xcode/DerivedData/test-docking-system-ekuwxgcfrzlavxeloqavamknrifw/Build/Intermediates.noindex/test-docking-system.build/Debug-iphoneos/test-docking-system.build/Objects-normal/arm64/test-docking-system.SwiftFileList -DDEBUG -enable-bare-slash-regex -enable-experimental-feature DebugDescriptionMacro -sdk /Applications/Developer/Xcode.app/Contents/Developer/Platforms/iPhoneOS.platform/Developer/SDKs/iPhoneOS18.5.sdk -target arm64-apple-ios18.5 -g -module-cache-path /Users/F3725413/Library/Developer/Xcode/DerivedData/ModuleCache.noindex -Xfrontend -serialize-debugging-options -enable-testing -index-store-path /Users/F3725413/Library/Developer/Xcode/DerivedData/test-docking-system-ekuwxgcfrzlavxeloqavamknrifw/Index.noindex/DataStore -swift-version 5 -I /Users/F3725413/Library/Developer/Xcode/DerivedData/test-docking-system-ekuwxgcfrzlavxeloqavamknrifw/Build/Products/Debug-iphoneos -F /Users/F3725413/Library/Developer/Xcode/DerivedData/test-docking-system-ekuwxgcfrzlavxeloqavamknrifw/Build/Products/Debug-iphoneos -emit-localized-strings -emit-localized-strings-path /Users/F3725413/Library/Developer/Xcode/DerivedData/test-docking-system-ekuwxgcfrzlavxeloqavamknrifw/Build/Intermediates.noindex/test-docking-system.build/Debug-iphoneos/test-docking-system.build/Objects-normal/arm64 -c -j10 -enable-batch-mode -incremental -Xcc -ivfsstatcache -Xcc /Users/F3725413/Library/Developer/Xcode/DerivedData/SDKStatCaches.noindex/iphoneos18.5-22F76-d0b6dee6876569719e5547af56bff6e2.sdkstatcache -output-file-map /Users/F3725413/Library/Developer/Xcode/DerivedData/test-docking-system-ekuwxgcfrzlavxeloqavamknrifw/Build/Intermediates.noindex/test-docking-system.build/Debug-iphoneos/test-docking-system.build/Objects-normal/arm64/test-docking-system-OutputFileMap.json -use-frontend-parseable-output -save-temps -no-color-diagnostics -serialize-diagnostics -emit-dependencies -emit-module -emit-module-path /Users/F3725413/Library/Developer/Xcode/DerivedData/test-docking-system-ekuwxgcfrzlavxeloqavamknrifw/Build/Intermediates.noindex/test-docking-system.build/Debug-iphoneos/test-docking-system.build/Objects-normal/arm64/test_docking_system.swiftmodule -validate-clang-modules-once -clang-build-session-file /Users/F3725413/Library/Developer/Xcode/DerivedData/ModuleCache.noindex/Session.modulevalidation -Xcc -I/Users/F3725413/Library/Developer/Xcode/DerivedData/test-docking-system-ekuwxgcfrzlavxeloqavamknrifw/Build/Intermediates.noindex/test-docking-system.build/Debug-iphoneos/test-docking-system.build/swift-overrides.hmap -emit-const-values -Xfrontend -const-gather-protocols-file -Xfrontend /Users/F3725413/Library/Developer/Xcode/DerivedData/test-docking-system-ekuwxgcfrzlavxeloqavamknrifw/Build/Intermediates.noindex/test-docking-system.build/Debug-iphoneos/test-docking-system.build/Objects-normal/arm64/test-docking-system_const_extract_protocols.json -Xcc -iquote -Xcc /Users/F3725413/Library/Developer/Xcode/DerivedData/test-docking-system-ekuwxgcfrzlavxeloqavamknrifw/Build/Intermediates.noindex/test-docking-system.build/Debug-iphoneos/test-docking-system.build/test-docking-system-generated-files.hmap -Xcc -I/Users/F3725413/Library/Developer/Xcode/DerivedData/test-docking-system-ekuwxgcfrzlavxeloqavamknrifw/Build/Intermediates.noindex/test-docking-system.build/Debug-iphoneos/test-docking-system.build/test-docking-system-own-target-headers.hmap -Xcc -I/Users/F3725413/Library/Developer/Xcode/DerivedData/test-docking-system-ekuwxgcfrzlavxeloqavamknrifw/Build/Intermediates.noindex/test-docking-system.build/Debug-iphoneos/test-docking-system.build/test-docking-system-all-target-headers.hmap -Xcc -iquote -Xcc /Users/F3725413/Library/Developer/Xcode/DerivedData/test-docking-system-ekuwxgcfrzlavxeloqavamknrifw/Build/Intermediates.noindex/test-docking-system.build/Debug-iphoneos/test-docking-system.build/test-docking-system-project-headers.hmap -Xcc -I/Users/F3725413/Library/Developer/Xcode/DerivedData/test-docking-system-ekuwxgcfrzlavxeloqavamknrifw/Build/Products/Debug-iphoneos/include -Xcc -I/Users/F3725413/Library/Developer/Xcode/DerivedData/test-docking-system-ekuwxgcfrzlavxeloqavamknrifw/Build/Intermediates.noindex/test-docking-system.build/Debug-iphoneos/test-docking-system.build/DerivedSources-normal/arm64 -Xcc -I/Users/F3725413/Library/Developer/Xcode/DerivedData/test-docking-system-ekuwxgcfrzlavxeloqavamknrifw/Build/Intermediates.noindex/test-docking-system.build/Debug-iphoneos/test-docking-system.build/DerivedSources/arm64 -Xcc -I/Users/F3725413/Library/Developer/Xcode/DerivedData/test-docking-system-ekuwxgcfrzlavxeloqavamknrifw/Build/Intermediates.noindex/test-docking-system.build/Debug-iphoneos/test-docking-system.build/DerivedSources -Xcc -DDEBUG\=1 -emit-objc-header -emit-objc-header-path /Users/F3725413/Library/Developer/Xcode/DerivedData/test-docking-system-ekuwxgcfrzlavxeloqavamknrifw/Build/Intermediates.noindex/test-docking-system.build/Debug-iphoneos/test-docking-system.build/Objects-normal/arm64/test_docking_system-Swift.h -working-directory /Users/F3725413/Downloads/test-docking-system -experimental-emit-module-separately -disable-cmo

SwiftEmitModule normal arm64 Emitting\ module\ for\ test_docking_system (in target 'test-docking-system' from project 'test-docking-system')

EmitSwiftModule normal arm64 (in target 'test-docking-system' from project 'test-docking-system')
    cd /Users/F3725413/Downloads/test-docking-system
    
/Users/F3725413/Downloads/test-docking-system/test-docking-system/IDE/Core/IDEProject.swift:46:48: warning: main actor-isolated static property 'shared' can not be referenced from a nonisolated context; this is an error in the Swift 6 language mode
    private let contentStore = IDEContentStore.shared
                                               ^
/Users/F3725413/Downloads/test-docking-system/test-docking-system/IDE/Core/IDEContentStore.swift:11:23: note: static property declared here
    public static let shared = IDEContentStore()
                      ^
/Users/F3725413/Downloads/test-docking-system/test-docking-system/MCP/Core/MCPToolRegistry.swift:300:9: warning: stored property 'handler' of 'Sendable'-conforming struct 'DynamicTool' has non-sendable type '(ToolInvocation) async throws -> ToolResult'; this is an error in the Swift 6 language mode
    let handler: (ToolInvocation) async throws -> ToolResult
        ^
/Users/F3725413/Downloads/test-docking-system/test-docking-system/MCP/Core/MCPToolRegistry.swift:300:9: note: a function type must be marked '@Sendable' to conform to 'Sendable'
    let handler: (ToolInvocation) async throws -> ToolResult
        ^

SwiftCompile normal arm64 Compiling\ GeneratedAssetSymbols.swift /Users/F3725413/Library/Developer/Xcode/DerivedData/test-docking-system-ekuwxgcfrzlavxeloqavamknrifw/Build/Intermediates.noindex/test-docking-system.build/Debug-iphoneos/test-docking-system.build/DerivedSources/GeneratedAssetSymbols.swift (in target 'test-docking-system' from project 'test-docking-system')

SwiftCompile normal arm64 /Users/F3725413/Library/Developer/Xcode/DerivedData/test-docking-system-ekuwxgcfrzlavxeloqavamknrifw/Build/Intermediates.noindex/test-docking-system.build/Debug-iphoneos/test-docking-system.build/DerivedSources/GeneratedAssetSymbols.swift (in target 'test-docking-system' from project 'test-docking-system')
    cd /Users/F3725413/Downloads/test-docking-system
    

SwiftCompile normal arm64 Compiling\ DockRegionView.swift /Users/F3725413/Downloads/test-docking-system/test-docking-system/DockingSystem/Scaffolds/Layout/DockRegionView.swift (in target 'test-docking-system' from project 'test-docking-system')
SwiftCompile normal arm64 /Users/F3725413/Downloads/test-docking-system/test-docking-system/DockingSystem/Scaffolds/Layout/DockRegionView.swift (in target 'test-docking-system' from project 'test-docking-system')
    cd /Users/F3725413/Downloads/test-docking-system
    
/Users/F3725413/Downloads/test-docking-system/test-docking-system/DockingSystem/Scaffolds/Layout/DockRegionView.swift:426:46: error: incorrect argument label in call (have 'toolbar:', expected 'toolbarProvider:')
                .modifier(PanelToolbarCapture(toolbar: $toolbar))
                                             ^~~~~~~~
                                              toolbarProvider
/Users/F3725413/Downloads/test-docking-system/test-docking-system/DockingSystem/Scaffolds/Layout/DockRegionView.swift:426:56: error: cannot convert value of type 'Binding<AnyView?>' to expected argument type 'Binding<(() -> AnyView)?>'
                .modifier(PanelToolbarCapture(toolbar: $toolbar))
                                                       ^
/Users/F3725413/Downloads/test-docking-system/test-docking-system/DockingSystem/Scaffolds/Layout/DockRegionView.swift:426:56: note: arguments to generic parameter 'Value' ('AnyView?' and '(() -> AnyView)?') are expected to be equal
                .modifier(PanelToolbarCapture(toolbar: $toolbar))
                                                       ^
/Users/F3725413/Downloads/test-docking-system/test-docking-system/DockingSystem/Scaffolds/Layout/DockRegionView.swift:459:14: error: referencing instance method 'onPreferenceChange(_:perform:)' on 'Optional' requires that 'PanelToolbarContainer' conform to 'Equatable'
            .onPreferenceChange(PanelToolbarPreferenceKey.self) { newValue in
             ^
Swift.Optional:1:11: note: requirement from conditional conformance of 'PanelToolbarContainer?' to 'Equatable'
extension Optional : Equatable where Wrapped : Equatable {
          ^

Failed frontend command:
/Applications/Developer/Xcode.app/Contents/Developer/Toolchains/XcodeDefault.xctoolchain/usr/bin/swift-frontend -frontend -c -primary-file /Users/F3725413/Downloads/test-docking-system/test-docking-system/DockingSystem/Scaffolds/Layout/DockRegionView.swift /Users/F3725413/Downloads/test-docking-system/test-docking-system/MCP/Core/MCPIntegration.swift /Users/F3725413/Downloads/test-docking-system/test-docking-system/DockingSystem/Components/DockToolbarComponents.swift /Users/F3725413/Downloads/test-docking-system/test-docking-system/DockingSystem/Scaffolds/Core/DockLayoutPersistence.swift /Users/F3725413/Downloads/test-docking-system/test-docking-system/IDE/Components/AgentDiffView.swift /Users/F3725413/Downloads/test-docking-system/test-docking-system/DockingSystem/Themes/Default/Daylight.swift /Users/F3725413/Downloads/test-docking-system/test-docking-system/DockingSystem/Scaffolds/Layout/DockContainer.swift /Users/F3725413/Downloads/test-docking-system/test-docking-system/IDE/Core/ContentPanelRegistry.swift /Users/F3725413/Downloads/test-docking-system/test-docking-system/IDE/Panels/IDEPreviewPanel.swift /Users/F3725413/Downloads/test-docking-system/test-docking-system/Demo/IDEDemoView.swift /Users/F3725413/Downloads/test-docking-system/test-docking-system/DockingSystem/Scaffolds/Layout/DockContainer+Layout.swift /Users/F3725413/Downloads/test-docking-system/test-docking-system/DockingSystem/Themes/Default/ProfessionalStyleClass.swift /Users/F3725413/Downloads/test-docking-system/test-docking-system/DockingSystem/Themes/Core/DockThemeTypes.swift /Users/F3725413/Downloads/test-docking-system/test-docking-system/MCP/Agent/MCPAgent.swift /Users/F3725413/Downloads/test-docking-system/test-docking-system/DockingSystem/Themes/Core/DockThemeCore.swift /Users/F3725413/Downloads/test-docking-system/test-docking-system/IDE/Core/ContentPanel.swift /Users/F3725413/Downloads/test-docking-system/test-docking-system/DockingSystem/Components/HTMLPreviewView.swift /Users/F3725413/Downloads/test-docking-system/test-docking-system/MCP/Core/MCPTypes.swift /Users/F3725413/Downloads/test-docking-system/test-docking-system/DockingSystem/Themes/Core/View+Theme.swift /Users/F3725413/Downloads/test-docking-system/test-docking-system/MCP/Services/ImageService.swift /Users/F3725413/Downloads/test-docking-system/test-docking-system/MCP/UI/MCPSettingsView.swift /Users/F3725413/Downloads/test-docking-system/test-docking-system/DockingSystem/Scaffolds/Core/DockState.swift /Users/F3725413/Downloads/test-docking-system/test-docking-system/DockingSystem/Themes/RetroMacOS9/BlueGrape.swift /Users/F3725413/Downloads/test-docking-system/test-docking-system/DockingSystem/Themes/Default/DefaultDockTheme.swift /Users/F3725413/Downloads/test-docking-system/test-docking-system/IDE/Core/IDEWorkspace.swift /Users/F3725413/Downloads/test-docking-system/test-docking-system/IDE/Core/IDEContentStore.swift /Users/F3725413/Downloads/test-docking-system/test-docking-system/DockingSystem/DockingSystem.swift /Users/F3725413/Downloads/test-docking-system/test-docking-system/MCP/Core/MCPLogger.swift /Users/F3725413/Downloads/test-docking-system/test-docking-system/DockingSystem/Scaffolds/Core/DockExtensions.swift /Users/F3725413/Downloads/test-docking-system/test-docking-system/DockingSystem/Themes/Core/ThemePresets.swift /Users/F3725413/Downloads/test-docking-system/test-docking-system/IDE/Core/IDEProject.swift /Users/F3725413/Downloads/test-docking-system/test-docking-system/DockingSystem/Components/MonacoEditorView.swift /Users/F3725413/Downloads/test-docking-system/test-docking-system/test_docking_systemApp.swift /Users/F3725413/Downloads/test-docking-system/test-docking-system/IDE/Core/IDEFileWatcher.swift /Users/F3725413/Downloads/test-docking-system/test-docking-system/Demo/AlternativeDemoViews.swift /Users/F3725413/Downloads/test-docking-system/test-docking-system/ContentView.swift /Users/F3725413/Downloads/test-docking-system/test-docking-system/DockingSystem/Themes/Default/DefaultStyleClass.swift /Users/F3725413/Downloads/test-docking-system/test-docking-system/DockingSystem/Scaffolds/Layout/DockContainer+Drag.swift /Users/F3725413/Downloads/test-docking-system/test-docking-system/MCP/Core/AgentIDEBridge.swift /Users/F3725413/Downloads/test-docking-system/test-docking-system/DockingSystem/Scaffolds/Core/DockPanel.swift /Users/F3725413/Downloads/test-docking-system/test-docking-system/MCP/UI/ToolsPanelView.swift /Users/F3725413/Downloads/test-docking-system/test-docking-system/IDE/Core/IDELayoutProfile.swift /Users/F3725413/Downloads/test-docking-system/test-docking-system/Demo/DemoContentViews.swift /Users/F3725413/Downloads/test-docking-system/test-docking-system/DockingSystem/Scaffolds/Layout/FloatingPanelView.swift /Users/F3725413/Downloads/test-docking-system/test-docking-system/DockingSystem/Themes/RetroMacOS9/ClassicPlatinum.swift /Users/F3725413/Downloads/test-docking-system/test-docking-system/IDE/Panels/IDEProjectExplorerPanel.swift /Users/F3725413/Downloads/test-docking-system/test-docking-system/DockingSystem/Scaffolds/Layout/DockDragDropManager.swift /Users/F3725413/Downloads/test-docking-system/test-docking-system/MCP/Services/AudioService.swift /Users/F3725413/Downloads/test-docking-system/test-docking-system/DockingSystem/Scaffolds/Layout/DockResizeHandle.swift /Users/F3725413/Downloads/test-docking-system/test-docking-system/DockingSystem/Scaffolds/Core/DockLayout.swift /Users/F3725413/Downloads/test-docking-system/test-docking-system/MCP/UI/AgentChatView.swift /Users/F3725413/Downloads/test-docking-system/test-docking-system/MCP/Tools/FileTools.swift /Users/F3725413/Downloads/test-docking-system/test-docking-system/IDE/Panels/IDEConsolePanel.swift /Users/F3725413/Downloads/test-docking-system/test-docking-system/Demo/DemoSelectorView.swift /Users/F3725413/Downloads/test-docking-system/test-docking-system/MCP/Tools/CodeTools.swift /Users/F3725413/Downloads/test-docking-system/test-docking-system/IDE/Core/IDEFileSystemManager.swift /Users/F3725413/Downloads/test-docking-system/test-docking-system/IDE/IDEMainView.swift /Users/F3725413/Downloads/test-docking-system/test-docking-system/MCP/Services/ChatService.swift /Users/F3725413/Downloads/test-docking-system/test-docking-system/MCP/Core/MCPToolRegistry.swift /Users/F3725413/Downloads/test-docking-system/test-docking-system/DockingSystem/Scaffolds/Layout/DockSplitView.swift /Users/F3725413/Downloads/test-docking-system/test-docking-system/IDE/Panels/IDEEditorPanel.swift /Users/F3725413/Downloads/test-docking-system/test-docking-system/DockingSystem/Themes/Core/ThemeRegistry.swift /Users/F3725413/Downloads/test-docking-system/test-docking-system/IDE/IDEAppView.swift /Users/F3725413/Downloads/test-docking-system/test-docking-system/DockingSystem/Scaffolds/Core/DockTypes.swift /Users/F3725413/Downloads/test-docking-system/test-docking-system/DockingSystem/Themes/RetroMacOS9/RetroMaxOS9StyleClass.swift /Users/F3725413/Downloads/test-docking-system/test-docking-system/DockingSystem/Themes/Default/Midnight.swift /Users/F3725413/Downloads/test-docking-system/test-docking-system/IDE/Core/IDEFileType.swift /Users/F3725413/Downloads/test-docking-system/test-docking-system/IDE/Editors/IDEEditorRegistry.swift /Users/F3725413/Library/Developer/Xcode/DerivedData/test-docking-system-ekuwxgcfrzlavxeloqavamknrifw/Build/Intermediates.noindex/test-docking-system.build/Debug-iphoneos/test-docking-system.build/DerivedSources/GeneratedAssetSymbols.swift -emit-dependencies-path /Users/F3725413/Library/Developer/Xcode/DerivedData/test-docking-system-ekuwxgcfrzlavxeloqavamknrifw/Build/Intermediates.noindex/test-docking-system.build/Debug-iphoneos/test-docking-system.build/Objects-normal/arm64/DockRegionView.d -emit-const-values-path /Users/F3725413/Library/Developer/Xcode/DerivedData/test-docking-system-ekuwxgcfrzlavxeloqavamknrifw/Build/Intermediates.noindex/test-docking-system.build/Debug-iphoneos/test-docking-system.build/Objects-normal/arm64/DockRegionView.swiftconstvalues -emit-reference-dependencies-path /Users/F3725413/Library/Developer/Xcode/DerivedData/test-docking-system-ekuwxgcfrzlavxeloqavamknrifw/Build/Intermediates.noindex/test-docking-system.build/Debug-iphoneos/test-docking-system.build/Objects-normal/arm64/DockRegionView.swiftdeps -serialize-diagnostics-path /Users/F3725413/Library/Developer/Xcode/DerivedData/test-docking-system-ekuwxgcfrzlavxeloqavamknrifw/Build/Intermediates.noindex/test-docking-system.build/Debug-iphoneos/test-docking-system.build/Objects-normal/arm64/DockRegionView.dia -emit-localized-strings -emit-localized-strings-path /Users/F3725413/Library/Developer/Xcode/DerivedData/test-docking-system-ekuwxgcfrzlavxeloqavamknrifw/Build/Intermediates.noindex/test-docking-system.build/Debug-iphoneos/test-docking-system.build/Objects-normal/arm64 -target arm64-apple-ios18.5 -Xllvm -aarch64-use-tbi -enable-objc-interop -stack-check -sdk /Applications/Developer/Xcode.app/Contents/Developer/Platforms/iPhoneOS.platform/Developer/SDKs/iPhoneOS18.5.sdk -I /Users/F3725413/Library/Developer/Xcode/DerivedData/test-docking-system-ekuwxgcfrzlavxeloqavamknrifw/Build/Products/Debug-iphoneos -F /Users/F3725413/Library/Developer/Xcode/DerivedData/test-docking-system-ekuwxgcfrzlavxeloqavamknrifw/Build/Products/Debug-iphoneos -no-color-diagnostics -enable-testing -g -debug-info-format\=dwarf -dwarf-version\=5 -module-cache-path /Users/F3725413/Library/Developer/Xcode/DerivedData/ModuleCache.noindex -swift-version 5 -enforce-exclusivity\=checked -Onone -D DEBUG -serialize-debugging-options -const-gather-protocols-file /Users/F3725413/Library/Developer/Xcode/DerivedData/test-docking-system-ekuwxgcfrzlavxeloqavamknrifw/Build/Intermediates.noindex/test-docking-system.build/Debug-iphoneos/test-docking-system.build/Objects-normal/arm64/test-docking-system_const_extract_protocols.json -enable-experimental-feature DebugDescriptionMacro -enable-bare-slash-regex -empty-abi-descriptor -validate-clang-modules-once -clang-build-session-file /Users/F3725413/Library/Developer/Xcode/DerivedData/ModuleCache.noindex/Session.modulevalidation -Xcc -working-directory -Xcc /Users/F3725413/Downloads/test-docking-system -resource-dir /Applications/Developer/Xcode.app/Contents/Developer/Toolchains/XcodeDefault.xctoolchain/usr/lib/swift -enable-anonymous-context-mangled-names -file-compilation-dir /Users/F3725413/Downloads/test-docking-system -Xcc -ivfsstatcache -Xcc /Users/F3725413/Library/Developer/Xcode/DerivedData/SDKStatCaches.noindex/iphoneos18.5-22F76-d0b6dee6876569719e5547af56bff6e2.sdkstatcache -Xcc -I/Users/F3725413/Library/Developer/Xcode/DerivedData/test-docking-system-ekuwxgcfrzlavxeloqavamknrifw/Build/Intermediates.noindex/test-docking-system.build/Debug-iphoneos/test-docking-system.build/swift-overrides.hmap -Xcc -iquote -Xcc /Users/F3725413/Library/Developer/Xcode/DerivedData/test-docking-system-ekuwxgcfrzlavxeloqavamknrifw/Build/Intermediates.noindex/test-docking-system.build/Debug-iphoneos/test-docking-system.build/test-docking-system-generated-files.hmap -Xcc -I/Users/F3725413/Library/Developer/Xcode/DerivedData/test-docking-system-ekuwxgcfrzlavxeloqavamknrifw/Build/Intermediates.noindex/test-docking-system.build/Debug-iphoneos/test-docking-system.build/test-docking-system-own-target-headers.hmap -Xcc -I/Users/F3725413/Library/Developer/Xcode/DerivedData/test-docking-system-ekuwxgcfrzlavxeloqavamknrifw/Build/Intermediates.noindex/test-docking-system.build/Debug-iphoneos/test-docking-system.build/test-docking-system-all-target-headers.hmap -Xcc -iquote -Xcc /Users/F3725413/Library/Developer/Xcode/DerivedData/test-docking-system-ekuwxgcfrzlavxeloqavamknrifw/Build/Intermediates.noindex/test-docking-system.build/Debug-iphoneos/test-docking-system.build/test-docking-system-project-headers.hmap -Xcc -I/Users/F3725413/Library/Developer/Xcode/DerivedData/test-docking-system-ekuwxgcfrzlavxeloqavamknrifw/Build/Products/Debug-iphoneos/include -Xcc -I/Users/F3725413/Library/Developer/Xcode/DerivedData/test-docking-system-ekuwxgcfrzlavxeloqavamknrifw/Build/Intermediates.noindex/test-docking-system.build/Debug-iphoneos/test-docking-system.build/DerivedSources-normal/arm64 -Xcc -I/Users/F3725413/Library/Developer/Xcode/DerivedData/test-docking-system-ekuwxgcfrzlavxeloqavamknrifw/Build/Intermediates.noindex/test-docking-system.build/Debug-iphoneos/test-docking-system.build/DerivedSources/arm64 -Xcc -I/Users/F3725413/Library/Developer/Xcode/DerivedData/test-docking-system-ekuwxgcfrzlavxeloqavamknrifw/Build/Intermediates.noindex/test-docking-system.build/Debug-iphoneos/test-docking-system.build/DerivedSources -Xcc -DDEBUG\=1 -module-name test_docking_system -frontend-parseable-output -disable-clang-spi -target-sdk-version 18.5 -target-sdk-name iphoneos18.5 -external-plugin-path /Applications/Developer/Xcode.app/Contents/Developer/Platforms/iPhoneOS.platform/Developer/usr/lib/swift/host/plugins\#/Applications/Developer/Xcode.app/Contents/Developer/Platforms/iPhoneOS.platform/Developer/usr/bin/swift-plugin-server -external-plugin-path /Applications/Developer/Xcode.app/Contents/Developer/Platforms/iPhoneOS.platform/Developer/usr/local/lib/swift/host/plugins\#/Applications/Developer/Xcode.app/Contents/Developer/Platforms/iPhoneOS.platform/Developer/usr/bin/swift-plugin-server -in-process-plugin-server-path /Applications/Developer/Xcode.app/Contents/Developer/Toolchains/XcodeDefault.xctoolchain/usr/lib/swift/host/libSwiftInProcPluginServer.dylib -plugin-path /Applications/Developer/Xcode.app/Contents/Developer/Toolchains/XcodeDefault.xctoolchain/usr/lib/swift/host/plugins -plugin-path /Applications/Developer/Xcode.app/Contents/Developer/Toolchains/XcodeDefault.xctoolchain/usr/local/lib/swift/host/plugins -o /Users/F3725413/Library/Developer/Xcode/DerivedData/test-docking-system-ekuwxgcfrzlavxeloqavamknrifw/Build/Intermediates.noindex/test-docking-system.build/Debug-iphoneos/test-docking-system.build/Objects-normal/arm64/DockRegionView.o -index-unit-output-path /test-docking-system.build/Debug-iphoneos/test-docking-system.build/Objects-normal/arm64/DockRegionView.o -index-store-path /Users/F3725413/Library/Developer/Xcode/DerivedData/test-docking-system-ekuwxgcfrzlavxeloqavamknrifw/Index.noindex/DataStore -index-system-modules
SwiftDriverJobDiscovery normal arm64 Compiling GeneratedAssetSymbols.swift (in target 'test-docking-system' from project 'test-docking-system')

SwiftDriverJobDiscovery normal arm64 Emitting module for test_docking_system (in target 'test-docking-system' from project 'test-docking-system')

SwiftDriver\ Compilation\ Requirements test-docking-system normal arm64 com.apple.xcode.tools.swift.compiler (in target 'test-docking-system' from project 'test-docking-system')
    cd /Users/F3725413/Downloads/test-docking-system
    builtin-Swift-Compilation-Requirements -- /Applications/Developer/Xcode.app/Contents/Developer/Toolchains/XcodeDefault.xctoolchain/usr/bin/swiftc -module-name test_docking_system -Onone -enforce-exclusivity\=checked @/Users/F3725413/Library/Developer/Xcode/DerivedData/test-docking-system-ekuwxgcfrzlavxeloqavamknrifw/Build/Intermediates.noindex/test-docking-system.build/Debug-iphoneos/test-docking-system.build/Objects-normal/arm64/test-docking-system.SwiftFileList -DDEBUG -enable-bare-slash-regex -enable-experimental-feature DebugDescriptionMacro -sdk /Applications/Developer/Xcode.app/Contents/Developer/Platforms/iPhoneOS.platform/Developer/SDKs/iPhoneOS18.5.sdk -target arm64-apple-ios18.5 -g -module-cache-path /Users/F3725413/Library/Developer/Xcode/DerivedData/ModuleCache.noindex -Xfrontend -serialize-debugging-options -enable-testing -index-store-path /Users/F3725413/Library/Developer/Xcode/DerivedData/test-docking-system-ekuwxgcfrzlavxeloqavamknrifw/Index.noindex/DataStore -swift-version 5 -I /Users/F3725413/Library/Developer/Xcode/DerivedData/test-docking-system-ekuwxgcfrzlavxeloqavamknrifw/Build/Products/Debug-iphoneos -F /Users/F3725413/Library/Developer/Xcode/DerivedData/test-docking-system-ekuwxgcfrzlavxeloqavamknrifw/Build/Products/Debug-iphoneos -emit-localized-strings -emit-localized-strings-path /Users/F3725413/Library/Developer/Xcode/DerivedData/test-docking-system-ekuwxgcfrzlavxeloqavamknrifw/Build/Intermediates.noindex/test-docking-system.build/Debug-iphoneos/test-docking-system.build/Objects-normal/arm64 -c -j10 -enable-batch-mode -incremental -Xcc -ivfsstatcache -Xcc /Users/F3725413/Library/Developer/Xcode/DerivedData/SDKStatCaches.noindex/iphoneos18.5-22F76-d0b6dee6876569719e5547af56bff6e2.sdkstatcache -output-file-map /Users/F3725413/Library/Developer/Xcode/DerivedData/test-docking-system-ekuwxgcfrzlavxeloqavamknrifw/Build/Intermediates.noindex/test-docking-system.build/Debug-iphoneos/test-docking-system.build/Objects-normal/arm64/test-docking-system-OutputFileMap.json -use-frontend-parseable-output -save-temps -no-color-diagnostics -serialize-diagnostics -emit-dependencies -emit-module -emit-module-path /Users/F3725413/Library/Developer/Xcode/DerivedData/test-docking-system-ekuwxgcfrzlavxeloqavamknrifw/Build/Intermediates.noindex/test-docking-system.build/Debug-iphoneos/test-docking-system.build/Objects-normal/arm64/test_docking_system.swiftmodule -validate-clang-modules-once -clang-build-session-file /Users/F3725413/Library/Developer/Xcode/DerivedData/ModuleCache.noindex/Session.modulevalidation -Xcc -I/Users/F3725413/Library/Developer/Xcode/DerivedData/test-docking-system-ekuwxgcfrzlavxeloqavamknrifw/Build/Intermediates.noindex/test-docking-system.build/Debug-iphoneos/test-docking-system.build/swift-overrides.hmap -emit-const-values -Xfrontend -const-gather-protocols-file -Xfrontend /Users/F3725413/Library/Developer/Xcode/DerivedData/test-docking-system-ekuwxgcfrzlavxeloqavamknrifw/Build/Intermediates.noindex/test-docking-system.build/Debug-iphoneos/test-docking-system.build/Objects-normal/arm64/test-docking-system_const_extract_protocols.json -Xcc -iquote -Xcc /Users/F3725413/Library/Developer/Xcode/DerivedData/test-docking-system-ekuwxgcfrzlavxeloqavamknrifw/Build/Intermediates.noindex/test-docking-system.build/Debug-iphoneos/test-docking-system.build/test-docking-system-generated-files.hmap -Xcc -I/Users/F3725413/Library/Developer/Xcode/DerivedData/test-docking-system-ekuwxgcfrzlavxeloqavamknrifw/Build/Intermediates.noindex/test-docking-system.build/Debug-iphoneos/test-docking-system.build/test-docking-system-own-target-headers.hmap -Xcc -I/Users/F3725413/Library/Developer/Xcode/DerivedData/test-docking-system-ekuwxgcfrzlavxeloqavamknrifw/Build/Intermediates.noindex/test-docking-system.build/Debug-iphoneos/test-docking-system.build/test-docking-system-all-target-headers.hmap -Xcc -iquote -Xcc /Users/F3725413/Library/Developer/Xcode/DerivedData/test-docking-system-ekuwxgcfrzlavxeloqavamknrifw/Build/Intermediates.noindex/test-docking-system.build/Debug-iphoneos/test-docking-system.build/test-docking-system-project-headers.hmap -Xcc -I/Users/F3725413/Library/Developer/Xcode/DerivedData/test-docking-system-ekuwxgcfrzlavxeloqavamknrifw/Build/Products/Debug-iphoneos/include -Xcc -I/Users/F3725413/Library/Developer/Xcode/DerivedData/test-docking-system-ekuwxgcfrzlavxeloqavamknrifw/Build/Intermediates.noindex/test-docking-system.build/Debug-iphoneos/test-docking-system.build/DerivedSources-normal/arm64 -Xcc -I/Users/F3725413/Library/Developer/Xcode/DerivedData/test-docking-system-ekuwxgcfrzlavxeloqavamknrifw/Build/Intermediates.noindex/test-docking-system.build/Debug-iphoneos/test-docking-system.build/DerivedSources/arm64 -Xcc -I/Users/F3725413/Library/Developer/Xcode/DerivedData/test-docking-system-ekuwxgcfrzlavxeloqavamknrifw/Build/Intermediates.noindex/test-docking-system.build/Debug-iphoneos/test-docking-system.build/DerivedSources -Xcc -DDEBUG\=1 -emit-objc-header -emit-objc-header-path /Users/F3725413/Library/Developer/Xcode/DerivedData/test-docking-system-ekuwxgcfrzlavxeloqavamknrifw/Build/Intermediates.noindex/test-docking-system.build/Debug-iphoneos/test-docking-system.build/Objects-normal/arm64/test_docking_system-Swift.h -working-directory /Users/F3725413/Downloads/test-docking-system -experimental-emit-module-separately -disable-cmo

Copy /Users/F3725413/Library/Developer/Xcode/DerivedData/test-docking-system-ekuwxgcfrzlavxeloqavamknrifw/Build/Products/Debug-iphoneos/test_docking_system.swiftmodule/arm64-apple-ios.abi.json /Users/F3725413/Library/Developer/Xcode/DerivedData/test-docking-system-ekuwxgcfrzlavxeloqavamknrifw/Build/Intermediates.noindex/test-docking-system.build/Debug-iphoneos/test-docking-system.build/Objects-normal/arm64/test_docking_system.abi.json (in target 'test-docking-system' from project 'test-docking-system')
    cd /Users/F3725413/Downloads/test-docking-system
    builtin-copy -exclude .DS_Store -exclude CVS -exclude .svn -exclude .git -exclude .hg -resolve-src-symlinks -rename /Users/F3725413/Library/Developer/Xcode/DerivedData/test-docking-system-ekuwxgcfrzlavxeloqavamknrifw/Build/Intermediates.noindex/test-docking-system.build/Debug-iphoneos/test-docking-system.build/Objects-normal/arm64/test_docking_system.abi.json /Users/F3725413/Library/Developer/Xcode/DerivedData/test-docking-system-ekuwxgcfrzlavxeloqavamknrifw/Build/Products/Debug-iphoneos/test_docking_system.swiftmodule/arm64-apple-ios.abi.json

Copy /Users/F3725413/Library/Developer/Xcode/DerivedData/test-docking-system-ekuwxgcfrzlavxeloqavamknrifw/Build/Products/Debug-iphoneos/test_docking_system.swiftmodule/arm64-apple-ios.swiftmodule /Users/F3725413/Library/Developer/Xcode/DerivedData/test-docking-system-ekuwxgcfrzlavxeloqavamknrifw/Build/Intermediates.noindex/test-docking-system.build/Debug-iphoneos/test-docking-system.build/Objects-normal/arm64/test_docking_system.swiftmodule (in target 'test-docking-system' from project 'test-docking-system')
    cd /Users/F3725413/Downloads/test-docking-system
    builtin-copy -exclude .DS_Store -exclude CVS -exclude .svn -exclude .git -exclude .hg -resolve-src-symlinks -rename /Users/F3725413/Library/Developer/Xcode/DerivedData/test-docking-system-ekuwxgcfrzlavxeloqavamknrifw/Build/Intermediates.noindex/test-docking-system.build/Debug-iphoneos/test-docking-system.build/Objects-normal/arm64/test_docking_system.swiftmodule /Users/F3725413/Library/Developer/Xcode/DerivedData/test-docking-system-ekuwxgcfrzlavxeloqavamknrifw/Build/Products/Debug-iphoneos/test_docking_system.swiftmodule/arm64-apple-ios.swiftmodule

Copy /Users/F3725413/Library/Developer/Xcode/DerivedData/test-docking-system-ekuwxgcfrzlavxeloqavamknrifw/Build/Products/Debug-iphoneos/test_docking_system.swiftmodule/arm64-apple-ios.swiftdoc /Users/F3725413/Library/Developer/Xcode/DerivedData/test-docking-system-ekuwxgcfrzlavxeloqavamknrifw/Build/Intermediates.noindex/test-docking-system.build/Debug-iphoneos/test-docking-system.build/Objects-normal/arm64/test_docking_system.swiftdoc (in target 'test-docking-system' from project 'test-docking-system')
    cd /Users/F3725413/Downloads/test-docking-system
    builtin-copy -exclude .DS_Store -exclude CVS -exclude .svn -exclude .git -exclude .hg -resolve-src-symlinks -rename /Users/F3725413/Library/Developer/Xcode/DerivedData/test-docking-system-ekuwxgcfrzlavxeloqavamknrifw/Build/Intermediates.noindex/test-docking-system.build/Debug-iphoneos/test-docking-system.build/Objects-normal/arm64/test_docking_system.swiftdoc /Users/F3725413/Library/Developer/Xcode/DerivedData/test-docking-system-ekuwxgcfrzlavxeloqavamknrifw/Build/Products/Debug-iphoneos/test_docking_system.swiftmodule/arm64-apple-ios.swiftdoc

Copy /Users/F3725413/Library/Developer/Xcode/DerivedData/test-docking-system-ekuwxgcfrzlavxeloqavamknrifw/Build/Products/Debug-iphoneos/test_docking_system.swiftmodule/Project/arm64-apple-ios.swiftsourceinfo /Users/F3725413/Library/Developer/Xcode/DerivedData/test-docking-system-ekuwxgcfrzlavxeloqavamknrifw/Build/Intermediates.noindex/test-docking-system.build/Debug-iphoneos/test-docking-system.build/Objects-normal/arm64/test_docking_system.swiftsourceinfo (in target 'test-docking-system' from project 'test-docking-system')
    cd /Users/F3725413/Downloads/test-docking-system
    builtin-copy -exclude .DS_Store -exclude CVS -exclude .svn -exclude .git -exclude .hg -resolve-src-symlinks -rename /Users/F3725413/Library/Developer/Xcode/DerivedData/test-docking-system-ekuwxgcfrzlavxeloqavamknrifw/Build/Intermediates.noindex/test-docking-system.build/Debug-iphoneos/test-docking-system.build/Objects-normal/arm64/test_docking_system.swiftsourceinfo /Users/F3725413/Library/Developer/Xcode/DerivedData/test-docking-system-ekuwxgcfrzlavxeloqavamknrifw/Build/Products/Debug-iphoneos/test_docking_system.swiftmodule/Project/arm64-apple-ios.swiftsourceinfo

** BUILD FAILED **


The following build commands failed:
	SwiftCompile normal arm64 /Users/F3725413/Downloads/test-docking-system/test-docking-system/DockingSystem/Scaffolds/Layout/DockRegionView.swift (in target 'test-docking-system' from project 'test-docking-system')
	SwiftCompile normal arm64 Compiling\ DockRegionView.swift /Users/F3725413/Downloads/test-docking-system/test-docking-system/DockingSystem/Scaffolds/Layout/DockRegionView.swift (in target 'test-docking-system' from project 'test-docking-system')
	Building project test-docking-system with scheme test-docking-system
(3 failures)
