Command line invocation:
    /Applications/Developer/Xcode.app/Contents/Developer/usr/bin/xcodebuild -project test-docking-system.xcodeproj -scheme test-docking-system -configuration Debug build

--- xcodebuild: WARNING: Using the first of multiple matching destinations:
{ platform:macOS, arch:arm64, variant:Designed for [iPad,iPhone], id:00006000-000805E93E91801E, name:My Mac }
{ platform:iOS, id:dvtdevice-DVTiPhonePlaceholder-iphoneos:placeholder, name:Any iOS Device }
{ platform:iOS Simulator, id:dvtdevice-DVTiOSDeviceSimulatorPlaceholder-iphonesimulator:placeholder, name:Any iOS Simulator Device }
ComputePackagePrebuildTargetDependencyGraph

Prepare packages

CreateBuildRequest

SendProjectDescription

CreateBuildOperation

ComputeTargetDependencyGraph
note: Building targets in dependency order
note: Target dependency graph (1 target)
    Target 'test-docking-system' in project 'test-docking-system' (no dependencies)

GatherProvisioningInputs

CreateBuildDescription

ExecuteExternalTool /Applications/Developer/Xcode.app/Contents/Developer/Toolchains/XcodeDefault.xctoolchain/usr/bin/clang -v -E -dM -isysroot /Applications/Developer/Xcode.app/Contents/Developer/Platforms/iPhoneOS.platform/Developer/SDKs/iPhoneOS18.5.sdk -x c -c /dev/null

ExecuteExternalTool /Applications/Developer/Xcode.app/Contents/Developer/usr/bin/actool --print-asset-tag-combinations --output-format xml1 /Users/F3725413/Downloads/test-docking-system/test-docking-system/Assets.xcassets

ExecuteExternalTool /Applications/Developer/Xcode.app/Contents/Developer/usr/bin/actool --version --output-format xml1

ExecuteExternalTool /Applications/Developer/Xcode.app/Contents/Developer/Toolchains/XcodeDefault.xctoolchain/usr/bin/swiftc --version

ExecuteExternalTool /Applications/Developer/Xcode.app/Contents/Developer/Toolchains/XcodeDefault.xctoolchain/usr/bin/ld -version_details

Build description signature: 084ca63c4691de8d3328332b0966d3ad
Build description path: /Users/F3725413/Library/Developer/Xcode/DerivedData/test-docking-system-ekuwxgcfrzlavxeloqavamknrifw/Build/Intermediates.noindex/XCBuildData/084ca63c4691de8d3328332b0966d3ad.xcbuilddata
ClangStatCache /Applications/Developer/Xcode.app/Contents/Developer/Toolchains/XcodeDefault.xctoolchain/usr/bin/clang-stat-cache /Applications/Developer/Xcode.app/Contents/Developer/Platforms/iPhoneOS.platform/Developer/SDKs/iPhoneOS18.5.sdk /Users/F3725413/Library/Developer/Xcode/DerivedData/SDKStatCaches.noindex/iphoneos18.5-22F76-d0b6dee6876569719e5547af56bff6e2.sdkstatcache
    cd /Users/F3725413/Downloads/test-docking-system/test-docking-system.xcodeproj
    /Applications/Developer/Xcode.app/Contents/Developer/Toolchains/XcodeDefault.xctoolchain/usr/bin/clang-stat-cache /Applications/Developer/Xcode.app/Contents/Developer/Platforms/iPhoneOS.platform/Developer/SDKs/iPhoneOS18.5.sdk -o /Users/F3725413/Library/Developer/Xcode/DerivedData/SDKStatCaches.noindex/iphoneos18.5-22F76-d0b6dee6876569719e5547af56bff6e2.sdkstatcache

WriteAuxiliaryFile /Users/F3725413/Library/Developer/Xcode/DerivedData/test-docking-system-ekuwxgcfrzlavxeloqavamknrifw/Build/Intermediates.noindex/test-docking-system.build/Debug-iphoneos/test-docking-system.build/Objects-normal/arm64/test-docking-system.SwiftFileList (in target 'test-docking-system' from project 'test-docking-system')
    cd /Users/F3725413/Downloads/test-docking-system
    write-file /Users/F3725413/Library/Developer/Xcode/DerivedData/test-docking-system-ekuwxgcfrzlavxeloqavamknrifw/Build/Intermediates.noindex/test-docking-system.build/Debug-iphoneos/test-docking-system.build/Objects-normal/arm64/test-docking-system.SwiftFileList

WriteAuxiliaryFile /Users/F3725413/Library/Developer/Xcode/DerivedData/test-docking-system-ekuwxgcfrzlavxeloqavamknrifw/Build/Intermediates.noindex/test-docking-system.build/Debug-iphoneos/test-docking-system.build/Objects-normal/arm64/test-docking-system.SwiftConstValuesFileList (in target 'test-docking-system' from project 'test-docking-system')
    cd /Users/F3725413/Downloads/test-docking-system
    write-file /Users/F3725413/Library/Developer/Xcode/DerivedData/test-docking-system-ekuwxgcfrzlavxeloqavamknrifw/Build/Intermediates.noindex/test-docking-system.build/Debug-iphoneos/test-docking-system.build/Objects-normal/arm64/test-docking-system.SwiftConstValuesFileList

WriteAuxiliaryFile /Users/F3725413/Library/Developer/Xcode/DerivedData/test-docking-system-ekuwxgcfrzlavxeloqavamknrifw/Build/Intermediates.noindex/test-docking-system.build/Debug-iphoneos/test-docking-system.build/Objects-normal/arm64/test-docking-system.LinkFileList (in target 'test-docking-system' from project 'test-docking-system')
    cd /Users/F3725413/Downloads/test-docking-system
    write-file /Users/F3725413/Library/Developer/Xcode/DerivedData/test-docking-system-ekuwxgcfrzlavxeloqavamknrifw/Build/Intermediates.noindex/test-docking-system.build/Debug-iphoneos/test-docking-system.build/Objects-normal/arm64/test-docking-system.LinkFileList

ProcessProductPackaging "" /Users/F3725413/Library/Developer/Xcode/DerivedData/test-docking-system-ekuwxgcfrzlavxeloqavamknrifw/Build/Intermediates.noindex/test-docking-system.build/Debug-iphoneos/test-docking-system.build/test-docking-system.app.xcent (in target 'test-docking-system' from project 'test-docking-system')
    cd /Users/F3725413/Downloads/test-docking-system
    
    Entitlements:
    
    {
    "application-identifier" = "R8S6PK575X.za.co.RendX.test-docking-system";
    "com.apple.developer.team-identifier" = R8S6PK575X;
    "get-task-allow" = 1;
}
    
    builtin-productPackagingUtility -entitlements -format xml -o /Users/F3725413/Library/Developer/Xcode/DerivedData/test-docking-system-ekuwxgcfrzlavxeloqavamknrifw/Build/Intermediates.noindex/test-docking-system.build/Debug-iphoneos/test-docking-system.build/test-docking-system.app.xcent

ProcessProductPackagingDER /Users/F3725413/Library/Developer/Xcode/DerivedData/test-docking-system-ekuwxgcfrzlavxeloqavamknrifw/Build/Intermediates.noindex/test-docking-system.build/Debug-iphoneos/test-docking-system.build/test-docking-system.app.xcent /Users/F3725413/Library/Developer/Xcode/DerivedData/test-docking-system-ekuwxgcfrzlavxeloqavamknrifw/Build/Intermediates.noindex/test-docking-system.build/Debug-iphoneos/test-docking-system.build/test-docking-system.app.xcent.der (in target 'test-docking-system' from project 'test-docking-system')
    cd /Users/F3725413/Downloads/test-docking-system
    /usr/bin/derq query -f xml -i /Users/F3725413/Library/Developer/Xcode/DerivedData/test-docking-system-ekuwxgcfrzlavxeloqavamknrifw/Build/Intermediates.noindex/test-docking-system.build/Debug-iphoneos/test-docking-system.build/test-docking-system.app.xcent -o /Users/F3725413/Library/Developer/Xcode/DerivedData/test-docking-system-ekuwxgcfrzlavxeloqavamknrifw/Build/Intermediates.noindex/test-docking-system.build/Debug-iphoneos/test-docking-system.build/test-docking-system.app.xcent.der --raw

CompileAssetCatalogVariant thinned /Users/F3725413/Library/Developer/Xcode/DerivedData/test-docking-system-ekuwxgcfrzlavxeloqavamknrifw/Build/Products/Debug-iphoneos/test-docking-system.app /Users/F3725413/Downloads/test-docking-system/test-docking-system/Assets.xcassets (in target 'test-docking-system' from project 'test-docking-system')
    cd /Users/F3725413/Downloads/test-docking-system
    /Applications/Developer/Xcode.app/Contents/Developer/usr/bin/actool /Users/F3725413/Downloads/test-docking-system/test-docking-system/Assets.xcassets --compile /Users/F3725413/Library/Developer/Xcode/DerivedData/test-docking-system-ekuwxgcfrzlavxeloqavamknrifw/Build/Intermediates.noindex/test-docking-system.build/Debug-iphoneos/test-docking-system.build/assetcatalog_output/thinned --output-format human-readable-text --notices --warnings --export-dependency-info /Users/F3725413/Library/Developer/Xcode/DerivedData/test-docking-system-ekuwxgcfrzlavxeloqavamknrifw/Build/Intermediates.noindex/test-docking-system.build/Debug-iphoneos/test-docking-system.build/assetcatalog_dependencies_thinned --output-partial-info-plist /Users/F3725413/Library/Developer/Xcode/DerivedData/test-docking-system-ekuwxgcfrzlavxeloqavamknrifw/Build/Intermediates.noindex/test-docking-system.build/Debug-iphoneos/test-docking-system.build/assetcatalog_generated_info.plist_thinned --app-icon AppIcon --accent-color AccentColor --compress-pngs --enable-on-demand-resources YES --filter-for-thinning-device-configuration MacFamily20,1 --filter-for-device-os-version 18.6 --development-region en --target-device iphone --target-device ipad --minimum-deployment-target 18.5 --platform iphoneos
/* com.apple.actool.compilation-results */
/Users/F3725413/Library/Developer/Xcode/DerivedData/test-docking-system-ekuwxgcfrzlavxeloqavamknrifw/Build/Intermediates.noindex/test-docking-system.build/Debug-iphoneos/test-docking-system.build/assetcatalog_generated_info.plist_thinned


SwiftDriver test-docking-system normal arm64 com.apple.xcode.tools.swift.compiler (in target 'test-docking-system' from project 'test-docking-system')
    cd /Users/F3725413/Downloads/test-docking-system
    builtin-SwiftDriver -- /Applications/Developer/Xcode.app/Contents/Developer/Toolchains/XcodeDefault.xctoolchain/usr/bin/swiftc -module-name test_docking_system -Onone -enforce-exclusivity\=checked @/Users/F3725413/Library/Developer/Xcode/DerivedData/test-docking-system-ekuwxgcfrzlavxeloqavamknrifw/Build/Intermediates.noindex/test-docking-system.build/Debug-iphoneos/test-docking-system.build/Objects-normal/arm64/test-docking-system.SwiftFileList -DDEBUG -enable-bare-slash-regex -enable-experimental-feature DebugDescriptionMacro -sdk /Applications/Developer/Xcode.app/Contents/Developer/Platforms/iPhoneOS.platform/Developer/SDKs/iPhoneOS18.5.sdk -target arm64-apple-ios18.5 -g -module-cache-path /Users/F3725413/Library/Developer/Xcode/DerivedData/ModuleCache.noindex -Xfrontend -serialize-debugging-options -enable-testing -index-store-path /Users/F3725413/Library/Developer/Xcode/DerivedData/test-docking-system-ekuwxgcfrzlavxeloqavamknrifw/Index.noindex/DataStore -swift-version 5 -I /Users/F3725413/Library/Developer/Xcode/DerivedData/test-docking-system-ekuwxgcfrzlavxeloqavamknrifw/Build/Products/Debug-iphoneos -F /Users/F3725413/Library/Developer/Xcode/DerivedData/test-docking-system-ekuwxgcfrzlavxeloqavamknrifw/Build/Products/Debug-iphoneos -emit-localized-strings -emit-localized-strings-path /Users/F3725413/Library/Developer/Xcode/DerivedData/test-docking-system-ekuwxgcfrzlavxeloqavamknrifw/Build/Intermediates.noindex/test-docking-system.build/Debug-iphoneos/test-docking-system.build/Objects-normal/arm64 -c -j10 -enable-batch-mode -incremental -Xcc -ivfsstatcache -Xcc /Users/F3725413/Library/Developer/Xcode/DerivedData/SDKStatCaches.noindex/iphoneos18.5-22F76-d0b6dee6876569719e5547af56bff6e2.sdkstatcache -output-file-map /Users/F3725413/Library/Developer/Xcode/DerivedData/test-docking-system-ekuwxgcfrzlavxeloqavamknrifw/Build/Intermediates.noindex/test-docking-system.build/Debug-iphoneos/test-docking-system.build/Objects-normal/arm64/test-docking-system-OutputFileMap.json -use-frontend-parseable-output -save-temps -no-color-diagnostics -serialize-diagnostics -emit-dependencies -emit-module -emit-module-path /Users/F3725413/Library/Developer/Xcode/DerivedData/test-docking-system-ekuwxgcfrzlavxeloqavamknrifw/Build/Intermediates.noindex/test-docking-system.build/Debug-iphoneos/test-docking-system.build/Objects-normal/arm64/test_docking_system.swiftmodule -validate-clang-modules-once -clang-build-session-file /Users/F3725413/Library/Developer/Xcode/DerivedData/ModuleCache.noindex/Session.modulevalidation -Xcc -I/Users/F3725413/Library/Developer/Xcode/DerivedData/test-docking-system-ekuwxgcfrzlavxeloqavamknrifw/Build/Intermediates.noindex/test-docking-system.build/Debug-iphoneos/test-docking-system.build/swift-overrides.hmap -emit-const-values -Xfrontend -const-gather-protocols-file -Xfrontend /Users/F3725413/Library/Developer/Xcode/DerivedData/test-docking-system-ekuwxgcfrzlavxeloqavamknrifw/Build/Intermediates.noindex/test-docking-system.build/Debug-iphoneos/test-docking-system.build/Objects-normal/arm64/test-docking-system_const_extract_protocols.json -Xcc -iquote -Xcc /Users/F3725413/Library/Developer/Xcode/DerivedData/test-docking-system-ekuwxgcfrzlavxeloqavamknrifw/Build/Intermediates.noindex/test-docking-system.build/Debug-iphoneos/test-docking-system.build/test-docking-system-generated-files.hmap -Xcc -I/Users/F3725413/Library/Developer/Xcode/DerivedData/test-docking-system-ekuwxgcfrzlavxeloqavamknrifw/Build/Intermediates.noindex/test-docking-system.build/Debug-iphoneos/test-docking-system.build/test-docking-system-own-target-headers.hmap -Xcc -I/Users/F3725413/Library/Developer/Xcode/DerivedData/test-docking-system-ekuwxgcfrzlavxeloqavamknrifw/Build/Intermediates.noindex/test-docking-system.build/Debug-iphoneos/test-docking-system.build/test-docking-system-all-target-headers.hmap -Xcc -iquote -Xcc /Users/F3725413/Library/Developer/Xcode/DerivedData/test-docking-system-ekuwxgcfrzlavxeloqavamknrifw/Build/Intermediates.noindex/test-docking-system.build/Debug-iphoneos/test-docking-system.build/test-docking-system-project-headers.hmap -Xcc -I/Users/F3725413/Library/Developer/Xcode/DerivedData/test-docking-system-ekuwxgcfrzlavxeloqavamknrifw/Build/Products/Debug-iphoneos/include -Xcc -I/Users/F3725413/Library/Developer/Xcode/DerivedData/test-docking-system-ekuwxgcfrzlavxeloqavamknrifw/Build/Intermediates.noindex/test-docking-system.build/Debug-iphoneos/test-docking-system.build/DerivedSources-normal/arm64 -Xcc -I/Users/F3725413/Library/Developer/Xcode/DerivedData/test-docking-system-ekuwxgcfrzlavxeloqavamknrifw/Build/Intermediates.noindex/test-docking-system.build/Debug-iphoneos/test-docking-system.build/DerivedSources/arm64 -Xcc -I/Users/F3725413/Library/Developer/Xcode/DerivedData/test-docking-system-ekuwxgcfrzlavxeloqavamknrifw/Build/Intermediates.noindex/test-docking-system.build/Debug-iphoneos/test-docking-system.build/DerivedSources -Xcc -DDEBUG\=1 -emit-objc-header -emit-objc-header-path /Users/F3725413/Library/Developer/Xcode/DerivedData/test-docking-system-ekuwxgcfrzlavxeloqavamknrifw/Build/Intermediates.noindex/test-docking-system.build/Debug-iphoneos/test-docking-system.build/Objects-normal/arm64/test_docking_system-Swift.h -working-directory /Users/F3725413/Downloads/test-docking-system -experimental-emit-module-separately -disable-cmo

LinkAssetCatalog /Users/F3725413/Downloads/test-docking-system/test-docking-system/Assets.xcassets (in target 'test-docking-system' from project 'test-docking-system')
    cd /Users/F3725413/Downloads/test-docking-system
    builtin-linkAssetCatalog --thinned /Users/F3725413/Library/Developer/Xcode/DerivedData/test-docking-system-ekuwxgcfrzlavxeloqavamknrifw/Build/Intermediates.noindex/test-docking-system.build/Debug-iphoneos/test-docking-system.build/assetcatalog_output/thinned --thinned-dependencies /Users/F3725413/Library/Developer/Xcode/DerivedData/test-docking-system-ekuwxgcfrzlavxeloqavamknrifw/Build/Intermediates.noindex/test-docking-system.build/Debug-iphoneos/test-docking-system.build/assetcatalog_dependencies_thinned --thinned-info-plist-content /Users/F3725413/Library/Developer/Xcode/DerivedData/test-docking-system-ekuwxgcfrzlavxeloqavamknrifw/Build/Intermediates.noindex/test-docking-system.build/Debug-iphoneos/test-docking-system.build/assetcatalog_generated_info.plist_thinned --unthinned /Users/F3725413/Library/Developer/Xcode/DerivedData/test-docking-system-ekuwxgcfrzlavxeloqavamknrifw/Build/Intermediates.noindex/test-docking-system.build/Debug-iphoneos/test-docking-system.build/assetcatalog_output/unthinned --unthinned-dependencies /Users/F3725413/Library/Developer/Xcode/DerivedData/test-docking-system-ekuwxgcfrzlavxeloqavamknrifw/Build/Intermediates.noindex/test-docking-system.build/Debug-iphoneos/test-docking-system.build/assetcatalog_dependencies_unthinned --unthinned-info-plist-content /Users/F3725413/Library/Developer/Xcode/DerivedData/test-docking-system-ekuwxgcfrzlavxeloqavamknrifw/Build/Intermediates.noindex/test-docking-system.build/Debug-iphoneos/test-docking-system.build/assetcatalog_generated_info.plist_unthinned --output /Users/F3725413/Library/Developer/Xcode/DerivedData/test-docking-system-ekuwxgcfrzlavxeloqavamknrifw/Build/Products/Debug-iphoneos/test-docking-system.app --plist-output /Users/F3725413/Library/Developer/Xcode/DerivedData/test-docking-system-ekuwxgcfrzlavxeloqavamknrifw/Build/Intermediates.noindex/test-docking-system.build/Debug-iphoneos/test-docking-system.build/assetcatalog_generated_info.plist

ProcessInfoPlistFile /Users/F3725413/Library/Developer/Xcode/DerivedData/test-docking-system-ekuwxgcfrzlavxeloqavamknrifw/Build/Products/Debug-iphoneos/test-docking-system.app/Info.plist /Users/F3725413/Library/Developer/Xcode/DerivedData/test-docking-system-ekuwxgcfrzlavxeloqavamknrifw/Build/Intermediates.noindex/test-docking-system.build/Debug-iphoneos/test-docking-system.build/empty-test-docking-system.plist (in target 'test-docking-system' from project 'test-docking-system')
    cd /Users/F3725413/Downloads/test-docking-system
    builtin-infoPlistUtility /Users/F3725413/Library/Developer/Xcode/DerivedData/test-docking-system-ekuwxgcfrzlavxeloqavamknrifw/Build/Intermediates.noindex/test-docking-system.build/Debug-iphoneos/test-docking-system.build/empty-test-docking-system.plist -producttype com.apple.product-type.application -genpkginfo /Users/F3725413/Library/Developer/Xcode/DerivedData/test-docking-system-ekuwxgcfrzlavxeloqavamknrifw/Build/Products/Debug-iphoneos/test-docking-system.app/PkgInfo -expandbuildsettings -format binary -platform iphoneos -additionalcontentfile /Users/F3725413/Library/Developer/Xcode/DerivedData/test-docking-system-ekuwxgcfrzlavxeloqavamknrifw/Build/Intermediates.noindex/test-docking-system.build/Debug-iphoneos/test-docking-system.build/assetcatalog_generated_info.plist -requiredArchitecture arm64 -o /Users/F3725413/Library/Developer/Xcode/DerivedData/test-docking-system-ekuwxgcfrzlavxeloqavamknrifw/Build/Products/Debug-iphoneos/test-docking-system.app/Info.plist

SwiftCompile normal arm64 Compiling\ DockContainer.swift,\ AlternativeDemoViews.swift,\ DockTypes.swift /Users/F3725413/Downloads/test-docking-system/test-docking-system/DockingSystem/Layout/DockContainer.swift /Users/F3725413/Downloads/test-docking-system/test-docking-system/Demo/AlternativeDemoViews.swift /Users/F3725413/Downloads/test-docking-system/test-docking-system/DockingSystem/Core/DockTypes.swift (in target 'test-docking-system' from project 'test-docking-system')

SwiftCompile normal arm64 /Users/F3725413/Downloads/test-docking-system/test-docking-system/DockingSystem/Layout/DockContainer.swift (in target 'test-docking-system' from project 'test-docking-system')
    cd /Users/F3725413/Downloads/test-docking-system
    

SwiftCompile normal arm64 /Users/F3725413/Downloads/test-docking-system/test-docking-system/Demo/AlternativeDemoViews.swift (in target 'test-docking-system' from project 'test-docking-system')
    cd /Users/F3725413/Downloads/test-docking-system
    

SwiftCompile normal arm64 /Users/F3725413/Downloads/test-docking-system/test-docking-system/DockingSystem/Core/DockTypes.swift (in target 'test-docking-system' from project 'test-docking-system')
    cd /Users/F3725413/Downloads/test-docking-system
    

SwiftCompile normal arm64 Compiling\ ContentView.swift,\ RetroMaxOS9StyleClass.swift,\ DockExtensions.swift /Users/F3725413/Downloads/test-docking-system/test-docking-system/ContentView.swift /Users/F3725413/Downloads/test-docking-system/test-docking-system/DockingSystem/Styling/StyleClasses/RetroMaxOS9/RetroMaxOS9StyleClass.swift /Users/F3725413/Downloads/test-docking-system/test-docking-system/DockingSystem/Core/DockExtensions.swift (in target 'test-docking-system' from project 'test-docking-system')

SwiftCompile normal arm64 /Users/F3725413/Downloads/test-docking-system/test-docking-system/ContentView.swift (in target 'test-docking-system' from project 'test-docking-system')
    cd /Users/F3725413/Downloads/test-docking-system
    

SwiftCompile normal arm64 /Users/F3725413/Downloads/test-docking-system/test-docking-system/DockingSystem/Styling/StyleClasses/RetroMaxOS9/RetroMaxOS9StyleClass.swift (in target 'test-docking-system' from project 'test-docking-system')
    cd /Users/F3725413/Downloads/test-docking-system
    

SwiftCompile normal arm64 /Users/F3725413/Downloads/test-docking-system/test-docking-system/DockingSystem/Core/DockExtensions.swift (in target 'test-docking-system' from project 'test-docking-system')
    cd /Users/F3725413/Downloads/test-docking-system
    

SwiftCompile normal arm64 Compiling\ DockLayout.swift,\ View+Theme.swift,\ DockSplitView.swift /Users/F3725413/Downloads/test-docking-system/test-docking-system/DockingSystem/Core/DockLayout.swift /Users/F3725413/Downloads/test-docking-system/test-docking-system/DockingSystem/Styling/Extensions/View+Theme.swift /Users/F3725413/Downloads/test-docking-system/test-docking-system/DockingSystem/Layout/DockSplitView.swift (in target 'test-docking-system' from project 'test-docking-system')

SwiftCompile normal arm64 /Users/F3725413/Downloads/test-docking-system/test-docking-system/DockingSystem/Core/DockLayout.swift (in target 'test-docking-system' from project 'test-docking-system')
    cd /Users/F3725413/Downloads/test-docking-system
    

SwiftCompile normal arm64 /Users/F3725413/Downloads/test-docking-system/test-docking-system/DockingSystem/Styling/Extensions/View+Theme.swift (in target 'test-docking-system' from project 'test-docking-system')
    cd /Users/F3725413/Downloads/test-docking-system
    

SwiftCompile normal arm64 /Users/F3725413/Downloads/test-docking-system/test-docking-system/DockingSystem/Layout/DockSplitView.swift (in target 'test-docking-system' from project 'test-docking-system')
    cd /Users/F3725413/Downloads/test-docking-system
    

SwiftCompile normal arm64 Compiling\ ThemePresets.swift,\ DemoSelectorView.swift,\ DockResizeHandle.swift /Users/F3725413/Downloads/test-docking-system/test-docking-system/DockingSystem/Styling/Themes/ThemePresets.swift /Users/F3725413/Downloads/test-docking-system/test-docking-system/Demo/DemoSelectorView.swift /Users/F3725413/Downloads/test-docking-system/test-docking-system/DockingSystem/Layout/DockResizeHandle.swift (in target 'test-docking-system' from project 'test-docking-system')

SwiftCompile normal arm64 /Users/F3725413/Downloads/test-docking-system/test-docking-system/DockingSystem/Styling/Themes/ThemePresets.swift (in target 'test-docking-system' from project 'test-docking-system')
    cd /Users/F3725413/Downloads/test-docking-system
    

SwiftCompile normal arm64 /Users/F3725413/Downloads/test-docking-system/test-docking-system/Demo/DemoSelectorView.swift (in target 'test-docking-system' from project 'test-docking-system')
    cd /Users/F3725413/Downloads/test-docking-system
    

SwiftCompile normal arm64 /Users/F3725413/Downloads/test-docking-system/test-docking-system/DockingSystem/Layout/DockResizeHandle.swift (in target 'test-docking-system' from project 'test-docking-system')
    cd /Users/F3725413/Downloads/test-docking-system
    

SwiftCompile normal arm64 Compiling\ DockThemeCore.swift,\ DefaultStyleClass.swift,\ BlueGrape.swift /Users/F3725413/Downloads/test-docking-system/test-docking-system/DockingSystem/Styling/Core/DockThemeCore.swift /Users/F3725413/Downloads/test-docking-system/test-docking-system/DockingSystem/Styling/StyleClasses/Default/DefaultStyleClass.swift /Users/F3725413/Downloads/test-docking-system/test-docking-system/DockingSystem/Styling/Palettes/RetroMaxOS9/BlueGrape.swift (in target 'test-docking-system' from project 'test-docking-system')

SwiftCompile normal arm64 /Users/F3725413/Downloads/test-docking-system/test-docking-system/DockingSystem/Styling/Core/DockThemeCore.swift (in target 'test-docking-system' from project 'test-docking-system')
    cd /Users/F3725413/Downloads/test-docking-system
    

SwiftCompile normal arm64 /Users/F3725413/Downloads/test-docking-system/test-docking-system/DockingSystem/Styling/StyleClasses/Default/DefaultStyleClass.swift (in target 'test-docking-system' from project 'test-docking-system')
    cd /Users/F3725413/Downloads/test-docking-system
    

SwiftCompile normal arm64 /Users/F3725413/Downloads/test-docking-system/test-docking-system/DockingSystem/Styling/Palettes/RetroMaxOS9/BlueGrape.swift (in target 'test-docking-system' from project 'test-docking-system')
    cd /Users/F3725413/Downloads/test-docking-system
    

SwiftCompile normal arm64 Compiling\ DockPanel.swift,\ ClassicPlatinum.swift,\ test_docking_systemApp.swift /Users/F3725413/Downloads/test-docking-system/test-docking-system/DockingSystem/Core/DockPanel.swift /Users/F3725413/Downloads/test-docking-system/test-docking-system/DockingSystem/Styling/Palettes/RetroMaxOS9/ClassicPlatinum.swift /Users/F3725413/Downloads/test-docking-system/test-docking-system/test_docking_systemApp.swift (in target 'test-docking-system' from project 'test-docking-system')
Failed frontend command:
/Applications/Developer/Xcode.app/Contents/Developer/Toolchains/XcodeDefault.xctoolchain/usr/bin/swift-frontend -frontend -c /Users/F3725413/Downloads/test-docking-system/test-docking-system/DockingSystem/Layout/DockContainer.swift /Users/F3725413/Downloads/test-docking-system/test-docking-system/Demo/AlternativeDemoViews.swift /Users/F3725413/Downloads/test-docking-system/test-docking-system/DockingSystem/Core/DockTypes.swift /Users/F3725413/Downloads/test-docking-system/test-docking-system/DockingSystem/Styling/Themes/ThemePresets.swift /Users/F3725413/Downloads/test-docking-system/test-docking-system/Demo/DemoSelectorView.swift /Users/F3725413/Downloads/test-docking-system/test-docking-system/DockingSystem/Layout/DockResizeHandle.swift /Users/F3725413/Downloads/test-docking-system/test-docking-system/DockingSystem/Styling/Core/DockThemeCore.swift /Users/F3725413/Downloads/test-docking-system/test-docking-system/DockingSystem/Styling/StyleClasses/Default/DefaultStyleClass.swift /Users/F3725413/Downloads/test-docking-system/test-docking-system/DockingSystem/Styling/Palettes/RetroMaxOS9/BlueGrape.swift /Users/F3725413/Downloads/test-docking-system/test-docking-system/DockingSystem/Styling/Core/DockThemeTypes.swift /Users/F3725413/Downloads/test-docking-system/test-docking-system/DockingSystem/Layout/DockRegionView.swift /Users/F3725413/Downloads/test-docking-system/test-docking-system/DockingSystem/DockingSystem.swift /Users/F3725413/Downloads/test-docking-system/test-docking-system/DockingSystem/Core/DockLayout.swift /Users/F3725413/Downloads/test-docking-system/test-docking-system/DockingSystem/Styling/Extensions/View+Theme.swift /Users/F3725413/Downloads/test-docking-system/test-docking-system/DockingSystem/Layout/DockSplitView.swift -primary-file /Users/F3725413/Downloads/test-docking-system/test-docking-system/DockingSystem/Core/DockPanel.swift -primary-file /Users/F3725413/Downloads/test-docking-system/test-docking-system/DockingSystem/Styling/Palettes/RetroMaxOS9/ClassicPlatinum.swift -primary-file /Users/F3725413/Downloads/test-docking-system/test-docking-system/test_docking_systemApp.swift /Users/F3725413/Downloads/test-docking-system/test-docking-system/ContentView.swift /Users/F3725413/Downloads/test-docking-system/test-docking-system/DockingSystem/Styling/StyleClasses/RetroMaxOS9/RetroMaxOS9StyleClass.swift /Users/F3725413/Downloads/test-docking-system/test-docking-system/DockingSystem/Core/DockExtensions.swift /Users/F3725413/Downloads/test-docking-system/test-docking-system/DockingSystem/Layout/FloatingPanelView.swift /Users/F3725413/Downloads/test-docking-system/test-docking-system/DockingSystem/Core/DockLayoutPersistence.swift /Users/F3725413/Downloads/test-docking-system/test-docking-system/DockingSystem/Layout/DockDragDropManager.swift /Users/F3725413/Downloads/test-docking-system/test-docking-system/Demo/DemoContentViews.swift /Users/F3725413/Downloads/test-docking-system/test-docking-system/DockingSystem/Core/DockState.swift /Users/F3725413/Downloads/test-docking-system/test-docking-system/Demo/IDEDemoView.swift /Users/F3725413/Downloads/test-docking-system/test-docking-system/DockingSystem/Styling/Styles/Default/DefaultDockTheme.swift /Users/F3725413/Downloads/test-docking-system/test-docking-system/DockingSystem/Styling/Themes/ThemeRegistry.swift /Users/F3725413/Library/Developer/Xcode/DerivedData/test-docking-system-ekuwxgcfrzlavxeloqavamknrifw/Build/Intermediates.noindex/test-docking-system.build/Debug-iphoneos/test-docking-system.build/DerivedSources/GeneratedAssetSymbols.swift -supplementary-output-file-map /Users/F3725413/Library/Developer/Xcode/DerivedData/test-docking-system-ekuwxgcfrzlavxeloqavamknrifw/Build/Intermediates.noindex/test-docking-system.build/Debug-iphoneos/test-docking-system.build/Objects-normal/arm64/supplementaryOutputs-6 -emit-localized-strings -emit-localized-strings-path /Users/F3725413/Library/Developer/Xcode/DerivedData/test-docking-system-ekuwxgcfrzlavxeloqavamknrifw/Build/Intermediates.noindex/test-docking-system.build/Debug-iphoneos/test-docking-system.build/Objects-normal/arm64 -target arm64-apple-ios18.5 -Xllvm -aarch64-use-tbi -enable-objc-interop -stack-check -sdk /Applications/Developer/Xcode.app/Contents/Developer/Platforms/iPhoneOS.platform/Developer/SDKs/iPhoneOS18.5.sdk -I /Users/F3725413/Library/Developer/Xcode/DerivedData/test-docking-system-ekuwxgcfrzlavxeloqavamknrifw/Build/Products/Debug-iphoneos -F /Users/F3725413/Library/Developer/Xcode/DerivedData/test-docking-system-ekuwxgcfrzlavxeloqavamknrifw/Build/Products/Debug-iphoneos -no-color-diagnostics -enable-testing -g -debug-info-format\=dwarf -dwarf-version\=5 -module-cache-path /Users/F3725413/Library/Developer/Xcode/DerivedData/ModuleCache.noindex -swift-version 5 -enforce-exclusivity\=checked -Onone -D DEBUG -serialize-debugging-options -const-gather-protocols-file /Users/F3725413/Library/Developer/Xcode/DerivedData/test-docking-system-ekuwxgcfrzlavxeloqavamknrifw/Build/Intermediates.noindex/test-docking-system.build/Debug-iphoneos/test-docking-system.build/Objects-normal/arm64/test-docking-system_const_extract_protocols.json -enable-experimental-feature DebugDescriptionMacro -enable-bare-slash-regex -empty-abi-descriptor -validate-clang-modules-once -clang-build-session-file /Users/F3725413/Library/Developer/Xcode/DerivedData/ModuleCache.noindex/Session.modulevalidation -Xcc -working-directory -Xcc /Users/F3725413/Downloads/test-docking-system -resource-dir /Applications/Developer/Xcode.app/Contents/Developer/Toolchains/XcodeDefault.xctoolchain/usr/lib/swift -enable-anonymous-context-mangled-names -file-compilation-dir /Users/F3725413/Downloads/test-docking-system -Xcc -ivfsstatcache -Xcc /Users/F3725413/Library/Developer/Xcode/DerivedData/SDKStatCaches.noindex/iphoneos18.5-22F76-d0b6dee6876569719e5547af56bff6e2.sdkstatcache -Xcc -I/Users/F3725413/Library/Developer/Xcode/DerivedData/test-docking-system-ekuwxgcfrzlavxeloqavamknrifw/Build/Intermediates.noindex/test-docking-system.build/Debug-iphoneos/test-docking-system.build/swift-overrides.hmap -Xcc -iquote -Xcc /Users/F3725413/Library/Developer/Xcode/DerivedData/test-docking-system-ekuwxgcfrzlavxeloqavamknrifw/Build/Intermediates.noindex/test-docking-system.build/Debug-iphoneos/test-docking-system.build/test-docking-system-generated-files.hmap -Xcc -I/Users/F3725413/Library/Developer/Xcode/DerivedData/test-docking-system-ekuwxgcfrzlavxeloqavamknrifw/Build/Intermediates.noindex/test-docking-system.build/Debug-iphoneos/test-docking-system.build/test-docking-system-own-target-headers.hmap -Xcc -I/Users/F3725413/Library/Developer/Xcode/DerivedData/test-docking-system-ekuwxgcfrzlavxeloqavamknrifw/Build/Intermediates.noindex/test-docking-system.build/Debug-iphoneos/test-docking-system.build/test-docking-system-all-target-headers.hmap -Xcc -iquote -Xcc /Users/F3725413/Library/Developer/Xcode/DerivedData/test-docking-system-ekuwxgcfrzlavxeloqavamknrifw/Build/Intermediates.noindex/test-docking-system.build/Debug-iphoneos/test-docking-system.build/test-docking-system-project-headers.hmap -Xcc -I/Users/F3725413/Library/Developer/Xcode/DerivedData/test-docking-system-ekuwxgcfrzlavxeloqavamknrifw/Build/Products/Debug-iphoneos/include -Xcc -I/Users/F3725413/Library/Developer/Xcode/DerivedData/test-docking-system-ekuwxgcfrzlavxeloqavamknrifw/Build/Intermediates.noindex/test-docking-system.build/Debug-iphoneos/test-docking-system.build/DerivedSources-normal/arm64 -Xcc -I/Users/F3725413/Library/Developer/Xcode/DerivedData/test-docking-system-ekuwxgcfrzlavxeloqavamknrifw/Build/Intermediates.noindex/test-docking-system.build/Debug-iphoneos/test-docking-system.build/DerivedSources/arm64 -Xcc -I/Users/F3725413/Library/Developer/Xcode/DerivedData/test-docking-system-ekuwxgcfrzlavxeloqavamknrifw/Build/Intermediates.noindex/test-docking-system.build/Debug-iphoneos/test-docking-system.build/DerivedSources -Xcc -DDEBUG\=1 -module-name test_docking_system -frontend-parseable-output -disable-clang-spi -target-sdk-version 18.5 -target-sdk-name iphoneos18.5 -external-plugin-path /Applications/Developer/Xcode.app/Contents/Developer/Platforms/iPhoneOS.platform/Developer/usr/lib/swift/host/plugins\#/Applications/Developer/Xcode.app/Contents/Developer/Platforms/iPhoneOS.platform/Developer/usr/bin/swift-plugin-server -external-plugin-path /Applications/Developer/Xcode.app/Contents/Developer/Platforms/iPhoneOS.platform/Developer/usr/local/lib/swift/host/plugins\#/Applications/Developer/Xcode.app/Contents/Developer/Platforms/iPhoneOS.platform/Developer/usr/bin/swift-plugin-server -in-process-plugin-server-path /Applications/Developer/Xcode.app/Contents/Developer/Toolchains/XcodeDefault.xctoolchain/usr/lib/swift/host/libSwiftInProcPluginServer.dylib -plugin-path /Applications/Developer/Xcode.app/Contents/Developer/Toolchains/XcodeDefault.xctoolchain/usr/lib/swift/host/plugins -plugin-path /Applications/Developer/Xcode.app/Contents/Developer/Toolchains/XcodeDefault.xctoolchain/usr/local/lib/swift/host/plugins -o /Users/F3725413/Library/Developer/Xcode/DerivedData/test-docking-system-ekuwxgcfrzlavxeloqavamknrifw/Build/Intermediates.noindex/test-docking-system.build/Debug-iphoneos/test-docking-system.build/Objects-normal/arm64/DockPanel.o -o /Users/F3725413/Library/Developer/Xcode/DerivedData/test-docking-system-ekuwxgcfrzlavxeloqavamknrifw/Build/Intermediates.noindex/test-docking-system.build/Debug-iphoneos/test-docking-system.build/Objects-normal/arm64/ClassicPlatinum.o -o /Users/F3725413/Library/Developer/Xcode/DerivedData/test-docking-system-ekuwxgcfrzlavxeloqavamknrifw/Build/Intermediates.noindex/test-docking-system.build/Debug-iphoneos/test-docking-system.build/Objects-normal/arm64/test_docking_systemApp.o -index-unit-output-path /test-docking-system.build/Debug-iphoneos/test-docking-system.build/Objects-normal/arm64/DockPanel.o -index-unit-output-path /test-docking-system.build/Debug-iphoneos/test-docking-system.build/Objects-normal/arm64/ClassicPlatinum.o -index-unit-output-path /test-docking-system.build/Debug-iphoneos/test-docking-system.build/Objects-normal/arm64/test_docking_systemApp.o -index-store-path /Users/F3725413/Library/Developer/Xcode/DerivedData/test-docking-system-ekuwxgcfrzlavxeloqavamknrifw/Index.noindex/DataStore -index-system-modules

SwiftCompile normal arm64 /Users/F3725413/Downloads/test-docking-system/test-docking-system/DockingSystem/Core/DockPanel.swift (in target 'test-docking-system' from project 'test-docking-system')
    cd /Users/F3725413/Downloads/test-docking-system
    
/Users/F3725413/Downloads/test-docking-system/test-docking-system/DockingSystem/Layout/DockContainer.swift:945:1: error: extraneous '}' at top level
}
^

SwiftCompile normal arm64 /Users/F3725413/Downloads/test-docking-system/test-docking-system/DockingSystem/Styling/Palettes/RetroMaxOS9/ClassicPlatinum.swift (in target 'test-docking-system' from project 'test-docking-system')
    cd /Users/F3725413/Downloads/test-docking-system
    
/Users/F3725413/Downloads/test-docking-system/test-docking-system/DockingSystem/Layout/DockContainer.swift:945:1: error: extraneous '}' at top level
}
^

SwiftCompile normal arm64 /Users/F3725413/Downloads/test-docking-system/test-docking-system/test_docking_systemApp.swift (in target 'test-docking-system' from project 'test-docking-system')
    cd /Users/F3725413/Downloads/test-docking-system
    
/Users/F3725413/Downloads/test-docking-system/test-docking-system/DockingSystem/Layout/DockContainer.swift:945:1: error: extraneous '}' at top level
}
^

SwiftCompile normal arm64 Compiling\ DockThemeTypes.swift,\ DockRegionView.swift,\ DockingSystem.swift /Users/F3725413/Downloads/test-docking-system/test-docking-system/DockingSystem/Styling/Core/DockThemeTypes.swift /Users/F3725413/Downloads/test-docking-system/test-docking-system/DockingSystem/Layout/DockRegionView.swift /Users/F3725413/Downloads/test-docking-system/test-docking-system/DockingSystem/DockingSystem.swift (in target 'test-docking-system' from project 'test-docking-system')

SwiftCompile normal arm64 /Users/F3725413/Downloads/test-docking-system/test-docking-system/DockingSystem/Styling/Core/DockThemeTypes.swift (in target 'test-docking-system' from project 'test-docking-system')
    cd /Users/F3725413/Downloads/test-docking-system
    

SwiftCompile normal arm64 /Users/F3725413/Downloads/test-docking-system/test-docking-system/DockingSystem/Layout/DockRegionView.swift (in target 'test-docking-system' from project 'test-docking-system')
    cd /Users/F3725413/Downloads/test-docking-system
    

SwiftCompile normal arm64 /Users/F3725413/Downloads/test-docking-system/test-docking-system/DockingSystem/DockingSystem.swift (in target 'test-docking-system' from project 'test-docking-system')
    cd /Users/F3725413/Downloads/test-docking-system
    

SwiftCompile normal arm64 Compiling\ FloatingPanelView.swift,\ DockLayoutPersistence.swift,\ DockDragDropManager.swift /Users/F3725413/Downloads/test-docking-system/test-docking-system/DockingSystem/Layout/FloatingPanelView.swift /Users/F3725413/Downloads/test-docking-system/test-docking-system/DockingSystem/Core/DockLayoutPersistence.swift /Users/F3725413/Downloads/test-docking-system/test-docking-system/DockingSystem/Layout/DockDragDropManager.swift (in target 'test-docking-system' from project 'test-docking-system')
SwiftCompile normal arm64 /Users/F3725413/Downloads/test-docking-system/test-docking-system/DockingSystem/Layout/FloatingPanelView.swift (in target 'test-docking-system' from project 'test-docking-system')
    cd /Users/F3725413/Downloads/test-docking-system
    

SwiftCompile normal arm64 /Users/F3725413/Downloads/test-docking-system/test-docking-system/DockingSystem/Core/DockLayoutPersistence.swift (in target 'test-docking-system' from project 'test-docking-system')
    cd /Users/F3725413/Downloads/test-docking-system
    

SwiftCompile normal arm64 /Users/F3725413/Downloads/test-docking-system/test-docking-system/DockingSystem/Layout/DockDragDropManager.swift (in target 'test-docking-system' from project 'test-docking-system')
    cd /Users/F3725413/Downloads/test-docking-system
    

SwiftCompile normal arm64 Compiling\ DefaultDockTheme.swift,\ ThemeRegistry.swift,\ GeneratedAssetSymbols.swift /Users/F3725413/Downloads/test-docking-system/test-docking-system/DockingSystem/Styling/Styles/Default/DefaultDockTheme.swift /Users/F3725413/Downloads/test-docking-system/test-docking-system/DockingSystem/Styling/Themes/ThemeRegistry.swift /Users/F3725413/Library/Developer/Xcode/DerivedData/test-docking-system-ekuwxgcfrzlavxeloqavamknrifw/Build/Intermediates.noindex/test-docking-system.build/Debug-iphoneos/test-docking-system.build/DerivedSources/GeneratedAssetSymbols.swift (in target 'test-docking-system' from project 'test-docking-system')

SwiftCompile normal arm64 /Users/F3725413/Downloads/test-docking-system/test-docking-system/DockingSystem/Styling/Styles/Default/DefaultDockTheme.swift (in target 'test-docking-system' from project 'test-docking-system')
    cd /Users/F3725413/Downloads/test-docking-system
    

SwiftCompile normal arm64 /Users/F3725413/Downloads/test-docking-system/test-docking-system/DockingSystem/Styling/Themes/ThemeRegistry.swift (in target 'test-docking-system' from project 'test-docking-system')
    cd /Users/F3725413/Downloads/test-docking-system
    

SwiftCompile normal arm64 /Users/F3725413/Library/Developer/Xcode/DerivedData/test-docking-system-ekuwxgcfrzlavxeloqavamknrifw/Build/Intermediates.noindex/test-docking-system.build/Debug-iphoneos/test-docking-system.build/DerivedSources/GeneratedAssetSymbols.swift (in target 'test-docking-system' from project 'test-docking-system')
    cd /Users/F3725413/Downloads/test-docking-system
    

SwiftEmitModule normal arm64 Emitting\ module\ for\ test_docking_system (in target 'test-docking-system' from project 'test-docking-system')

EmitSwiftModule normal arm64 (in target 'test-docking-system' from project 'test-docking-system')
    cd /Users/F3725413/Downloads/test-docking-system
    

SwiftCompile normal arm64 Compiling\ DemoContentViews.swift,\ DockState.swift,\ IDEDemoView.swift /Users/F3725413/Downloads/test-docking-system/test-docking-system/Demo/DemoContentViews.swift /Users/F3725413/Downloads/test-docking-system/test-docking-system/DockingSystem/Core/DockState.swift /Users/F3725413/Downloads/test-docking-system/test-docking-system/Demo/IDEDemoView.swift (in target 'test-docking-system' from project 'test-docking-system')
Command SwiftCompile failed with a nonzero exit code

** BUILD FAILED **


The following build commands failed:
	SwiftCompile normal arm64 Compiling\ DockPanel.swift,\ ClassicPlatinum.swift,\ test_docking_systemApp.swift /Users/F3725413/Downloads/test-docking-system/test-docking-system/DockingSystem/Core/DockPanel.swift /Users/F3725413/Downloads/test-docking-system/test-docking-system/DockingSystem/Styling/Palettes/RetroMaxOS9/ClassicPlatinum.swift /Users/F3725413/Downloads/test-docking-system/test-docking-system/test_docking_systemApp.swift (in target 'test-docking-system' from project 'test-docking-system')
	SwiftCompile normal arm64 /Users/F3725413/Downloads/test-docking-system/test-docking-system/DockingSystem/Core/DockPanel.swift (in target 'test-docking-system' from project 'test-docking-system')
	SwiftCompile normal arm64 /Users/F3725413/Downloads/test-docking-system/test-docking-system/DockingSystem/Styling/Palettes/RetroMaxOS9/ClassicPlatinum.swift (in target 'test-docking-system' from project 'test-docking-system')
	SwiftCompile normal arm64 /Users/F3725413/Downloads/test-docking-system/test-docking-system/test_docking_systemApp.swift (in target 'test-docking-system' from project 'test-docking-system')
	SwiftCompile normal arm64 Compiling\ DemoContentViews.swift,\ DockState.swift,\ IDEDemoView.swift /Users/F3725413/Downloads/test-docking-system/test-docking-system/Demo/DemoContentViews.swift /Users/F3725413/Downloads/test-docking-system/test-docking-system/DockingSystem/Core/DockState.swift /Users/F3725413/Downloads/test-docking-system/test-docking-system/Demo/IDEDemoView.swift (in target 'test-docking-system' from project 'test-docking-system')
	Building project test-docking-system with scheme test-docking-system and configuration Debug
(6 failures)
